Build started 26/08/2015 23:45:36.
     1>Project "C:\Users\siyu\Documents\GitHub\FluidDynamics\FluidDynamics\FluidDynamics.vcxproj" on node 2 (Build target(s)).
     1>AddCudaCompileDeps:
         C:\Program Files (x86)\Microsoft Visual Studio 12.0\VC\bin\cl.exe /E /nologo /showIncludes /TP /D__CUDACC__ /DWIN32 /DNDEBUG /D_CONSOLE /D_MBCS /I"C:\Program Files\NVIDIA GPU Computing Toolkit\CUDA\v6.5\include" /I"C:\Program Files\NVIDIA GPU Computing Toolkit\CUDA\v6.5\include" /I"C:\Program Files\NVIDIA GPU Computing Toolkit\CUDA\v6.5\bin" /I"C:\Program Files\NVIDIA GPU Computing Toolkit\CUDA\v6.5\include" /I. /FIcuda_runtime.h /c C:\Users\siyu\Documents\GitHub\FluidDynamics\FluidDynamics\fluidKernel.cu 
       CudaBuild:
         Compiling CUDA source file fluidKernel.cu...
         cmd.exe /C "C:\Users\siyu\AppData\Local\Temp\tmp6ea2a2eb74894de68d652bcc289ef1d2.cmd"
         "C:\Program Files\NVIDIA GPU Computing Toolkit\CUDA\v6.5\bin\nvcc.exe" -gencode=arch=compute_20,code=\"sm_20,compute_20\" --use-local-env --cl-version 2013 -ccbin "C:\Program Files (x86)\Microsoft Visual Studio 12.0\VC\bin"  -I"C:\Program Files\NVIDIA GPU Computing Toolkit\CUDA\v6.5\include" -I"C:\Program Files\NVIDIA GPU Computing Toolkit\CUDA\v6.5\include" -I"C:\Program Files\NVIDIA GPU Computing Toolkit\CUDA\v6.5\include"     --keep-dir Release -maxrregcount=0  --machine 32 --compile -cudart static     -DWIN32 -DNDEBUG -D_CONSOLE -D_MBCS -Xcompiler "/EHsc /W3 /nologo /O2 /Zi  /MD  " -o Release\fluidKernel.cu.obj "C:\Users\siyu\Documents\GitHub\FluidDynamics\FluidDynamics\fluidKernel.cu"
         
         C:\Users\siyu\Documents\GitHub\FluidDynamics\FluidDynamics>"C:\Program Files\NVIDIA GPU Computing Toolkit\CUDA\v6.5\bin\nvcc.exe" -gencode=arch=compute_20,code=\"sm_20,compute_20\" --use-local-env --cl-version 2013 -ccbin "C:\Program Files (x86)\Microsoft Visual Studio 12.0\VC\bin"  -I"C:\Program Files\NVIDIA GPU Computing Toolkit\CUDA\v6.5\include" -I"C:\Program Files\NVIDIA GPU Computing Toolkit\CUDA\v6.5\include" -I"C:\Program Files\NVIDIA GPU Computing Toolkit\CUDA\v6.5\include"     --keep-dir Release -maxrregcount=0  --machine 32 --compile -cudart static     -DWIN32 -DNDEBUG -D_CONSOLE -D_MBCS -Xcompiler "/EHsc /W3 /nologo /O2 /Zi  /MD  " -o Release\fluidKernel.cu.obj "C:\Users\siyu\Documents\GitHub\FluidDynamics\FluidDynamics\fluidKernel.cu" 
     1>C:/Users/siyu/Documents/GitHub/FluidDynamics/FluidDynamics/fluidKernel.cu(566): warning : variable "density" was declared but never referenced
     1>C:/Users/siyu/Documents/GitHub/FluidDynamics/FluidDynamics/fluidKernel.cu(786): warning : variable "th" was declared but never referenced
     1>C:/Users/siyu/Documents/GitHub/FluidDynamics/FluidDynamics/fluidKernel.cu(842): warning : variable "th" was declared but never referenced
     1>C:/Users/siyu/Documents/GitHub/FluidDynamics/FluidDynamics/fluidKernel.cu(913): warning : variable "th" was declared but never referenced
     1>C:/Users/siyu/Documents/GitHub/FluidDynamics/FluidDynamics/fluidKernel.cu(977): warning : variable "th" was declared but never referenced
     1>C:/Users/siyu/Documents/GitHub/FluidDynamics/FluidDynamics/fluidKernel.cu(2054): warning : statement is unreachable
     1>C:/Users/siyu/Documents/GitHub/FluidDynamics/FluidDynamics/fluidKernel.cu(1977): warning : variable "reverse" was declared but never referenced
     1>C:/Users/siyu/Documents/GitHub/FluidDynamics/FluidDynamics/fluidKernel.cu(566): warning : variable "density" was declared but never referenced
     1>C:/Users/siyu/Documents/GitHub/FluidDynamics/FluidDynamics/fluidKernel.cu(786): warning : variable "th" was declared but never referenced
     1>C:/Users/siyu/Documents/GitHub/FluidDynamics/FluidDynamics/fluidKernel.cu(842): warning : variable "th" was declared but never referenced
     1>C:/Users/siyu/Documents/GitHub/FluidDynamics/FluidDynamics/fluidKernel.cu(913): warning : variable "th" was declared but never referenced
     1>C:/Users/siyu/Documents/GitHub/FluidDynamics/FluidDynamics/fluidKernel.cu(977): warning : variable "th" was declared but never referenced
     1>C:/Users/siyu/Documents/GitHub/FluidDynamics/FluidDynamics/fluidKernel.cu(2054): warning : statement is unreachable
     1>C:/Users/siyu/Documents/GitHub/FluidDynamics/FluidDynamics/fluidKernel.cu(1977): warning : variable "reverse" was declared but never referenced
         fluidKernel.cu
     1>C:/Users/siyu/Documents/GitHub/FluidDynamics/FluidDynamics/fluidKernel.cu(2158): warning C4244: 'argument' : conversion from 'float' to 'int', possible loss of data
       Link:
         C:\Program Files (x86)\Microsoft Visual Studio 12.0\VC\bin\link.exe /ERRORREPORT:PROMPT /OUT:"C:\Users\siyu\Documents\GitHub\FluidDynamics\Release\FluidDynamics.exe" /NOLOGO /LIBPATH:Dependencies\freeglut /LIBPATH:Dependencies\glew /LIBPATH:Dependencies\soil /LIBPATH:"C:\Program Files\NVIDIA GPU Computing Toolkit\CUDA\v6.5\lib\Win32" cufft.lib freeglut.lib glew32.lib SOIL.lib cudart.lib kernel32.lib user32.lib gdi32.lib winspool.lib comdlg32.lib advapi32.lib shell32.lib ole32.lib oleaut32.lib uuid.lib odbc32.lib odbccp32.lib kernel32.lib user32.lib gdi32.lib winspool.lib comdlg32.lib advapi32.lib shell32.lib ole32.lib oleaut32.lib uuid.lib odbc32.lib odbccp32.lib /MANIFEST /MANIFESTUAC:"level='asInvoker' uiAccess='false'" /manifest:embed /DEBUG /PDB:"C:\Users\siyu\Documents\GitHub\FluidDynamics\Release\FluidDynamics.pdb" /SUBSYSTEM:CONSOLE /OPT:REF /OPT:ICF /LTCG /TLBID:1 /DYNAMICBASE /NXCOMPAT /IMPLIB:"C:\Users\siyu\Documents\GitHub\FluidDynamics\Release\FluidDynamics.lib" /MACHINE:X86 /SAFESEH Release\fluidKernel.cu.obj
         Release\Camera.obj
         Release\Cube.obj
         Release\GameTimer.obj
         Release\Init_GLEW.obj
         Release\Init_GLUT.obj
         Release\main.obj
         Release\Matrix4.obj
         Release\Model.obj
         Release\Models_Manager.obj
         Release\Quad.obj
         Release\Quaternion.obj
         Release\Scene_Manager.obj
         Release\Shader_Manager.obj
         Release\Terrain.obj
         Release\Triangle.obj
         Release\Water.obj
     1>SOIL.lib(SOIL.obj) : warning LNK4075: ignoring '/EDITANDCONTINUE' due to '/OPT:ICF' specification
     1>LINK : warning LNK4098: defaultlib 'MSVCRTD' conflicts with use of other libs; use /NODEFAULTLIB:library
         Generating code
         Finished generating code
     1>Cube.obj : warning LNK4099: PDB 'vc120.pdb' was not found with 'Cube.obj' or at 'C:\Users\siyu\Documents\GitHub\FluidDynamics\Release\vc120.pdb'; linking object as if no debug info
     1>GameTimer.obj : warning LNK4099: PDB 'vc120.pdb' was not found with 'GameTimer.obj' or at 'C:\Users\siyu\Documents\GitHub\FluidDynamics\Release\vc120.pdb'; linking object as if no debug info
     1>Init_GLEW.obj : warning LNK4099: PDB 'vc120.pdb' was not found with 'Init_GLEW.obj' or at 'C:\Users\siyu\Documents\GitHub\FluidDynamics\Release\vc120.pdb'; linking object as if no debug info
     1>Matrix4.obj : warning LNK4099: PDB 'vc120.pdb' was not found with 'Matrix4.obj' or at 'C:\Users\siyu\Documents\GitHub\FluidDynamics\Release\vc120.pdb'; linking object as if no debug info
     1>Model.obj : warning LNK4099: PDB 'vc120.pdb' was not found with 'Model.obj' or at 'C:\Users\siyu\Documents\GitHub\FluidDynamics\Release\vc120.pdb'; linking object as if no debug info
     1>Quad.obj : warning LNK4099: PDB 'vc120.pdb' was not found with 'Quad.obj' or at 'C:\Users\siyu\Documents\GitHub\FluidDynamics\Release\vc120.pdb'; linking object as if no debug info
     1>Quaternion.obj : warning LNK4099: PDB 'vc120.pdb' was not found with 'Quaternion.obj' or at 'C:\Users\siyu\Documents\GitHub\FluidDynamics\Release\vc120.pdb'; linking object as if no debug info
     1>Shader_Manager.obj : warning LNK4099: PDB 'vc120.pdb' was not found with 'Shader_Manager.obj' or at 'C:\Users\siyu\Documents\GitHub\FluidDynamics\Release\vc120.pdb'; linking object as if no debug info
     1>Terrain.obj : warning LNK4099: PDB 'vc120.pdb' was not found with 'Terrain.obj' or at 'C:\Users\siyu\Documents\GitHub\FluidDynamics\Release\vc120.pdb'; linking object as if no debug info
     1>Triangle.obj : warning LNK4099: PDB 'vc120.pdb' was not found with 'Triangle.obj' or at 'C:\Users\siyu\Documents\GitHub\FluidDynamics\Release\vc120.pdb'; linking object as if no debug info
     1>SOIL.lib(image_DXT.obj) : warning LNK4099: PDB 'vc120.pdb' was not found with 'SOIL.lib(image_DXT.obj)' or at 'C:\Users\siyu\Documents\GitHub\FluidDynamics\Release\vc120.pdb'; linking object as if no debug info
     1>SOIL.lib(image_helper.obj) : warning LNK4099: PDB 'vc120.pdb' was not found with 'SOIL.lib(image_helper.obj)' or at 'C:\Users\siyu\Documents\GitHub\FluidDynamics\Release\vc120.pdb'; linking object as if no debug info
     1>SOIL.lib(SOIL.obj) : warning LNK4099: PDB 'vc120.pdb' was not found with 'SOIL.lib(SOIL.obj)' or at 'C:\Users\siyu\Documents\GitHub\FluidDynamics\Release\vc120.pdb'; linking object as if no debug info
     1>SOIL.lib(stb_image_aug.obj) : warning LNK4099: PDB 'vc120.pdb' was not found with 'SOIL.lib(stb_image_aug.obj)' or at 'C:\Users\siyu\Documents\GitHub\FluidDynamics\Release\vc120.pdb'; linking object as if no debug info
         FluidDynamics.vcxproj -> C:\Users\siyu\Documents\GitHub\FluidDynamics\Release\FluidDynamics.exe
       PostBuildEvent:
         echo copy "C:\Program Files\NVIDIA GPU Computing Toolkit\CUDA\v6.5\bin\cudart*.dll" "C:\Users\siyu\Documents\GitHub\FluidDynamics\Release\"
         copy "C:\Program Files\NVIDIA GPU Computing Toolkit\CUDA\v6.5\bin\cudart*.dll" "C:\Users\siyu\Documents\GitHub\FluidDynamics\Release\"
         :VCEnd
         copy "C:\Program Files\NVIDIA GPU Computing Toolkit\CUDA\v6.5\bin\cudart*.dll" "C:\Users\siyu\Documents\GitHub\FluidDynamics\Release\"
         C:\Program Files\NVIDIA GPU Computing Toolkit\CUDA\v6.5\bin\cudart32_65.dll
         C:\Program Files\NVIDIA GPU Computing Toolkit\CUDA\v6.5\bin\cudart64_65.dll
                 2 file(s) copied.
     1>Done Building Project "C:\Users\siyu\Documents\GitHub\FluidDynamics\FluidDynamics\FluidDynamics.vcxproj" (Build target(s)).

Build succeeded.

Time Elapsed 00:00:10.88
