d:\github\fluid_dynamics\fluiddynamics\debug\vc120.pdb
d:\github\fluid_dynamics\fluiddynamics\debug\vc120.idb
d:\github\fluid_dynamics\fluiddynamics\debug\camera.obj
d:\github\fluid_dynamics\fluiddynamics\debug\init_glew.obj
d:\github\fluid_dynamics\fluiddynamics\debug\init_glut.obj
d:\github\fluid_dynamics\fluiddynamics\debug\matrix4.obj
d:\github\fluid_dynamics\fluiddynamics\debug\model.obj
d:\github\fluid_dynamics\fluiddynamics\debug\models_manager.obj
d:\github\fluid_dynamics\fluiddynamics\debug\quad.obj
d:\github\fluid_dynamics\fluiddynamics\debug\quaternion.obj
d:\github\fluid_dynamics\fluiddynamics\debug\scene_manager.obj
d:\github\fluid_dynamics\fluiddynamics\debug\shader_manager.obj
d:\github\fluid_dynamics\fluiddynamics\debug\triangle.obj
d:\github\fluid_dynamics\fluiddynamics\debug\water.obj
d:\github\fluid_dynamics\fluiddynamics\debug\main.obj
d:\github\fluid_dynamics\fluiddynamics\debug\fluidkernel.cu.cache
d:\github\fluid_dynamics\fluiddynamics\debug\fluidkernel.cu.obj
d:\github\fluid_dynamics\debug\fluiddynamics.pdb
d:\github\fluid_dynamics\fluiddynamics\debug\fluiddynamics.tlog\cl.command.1.tlog
d:\github\fluid_dynamics\fluiddynamics\debug\fluiddynamics.tlog\cl.read.1.tlog
d:\github\fluid_dynamics\fluiddynamics\debug\fluiddynamics.tlog\cl.write.1.tlog
d:\github\fluid_dynamics\fluiddynamics\debug\fluiddynamics.tlog\link-cvtres.read.1.tlog
d:\github\fluid_dynamics\fluiddynamics\debug\fluiddynamics.tlog\link-cvtres.write.1.tlog
d:\github\fluid_dynamics\fluiddynamics\debug\fluiddynamics.tlog\link-rc.read.1.tlog
d:\github\fluid_dynamics\fluiddynamics\debug\fluiddynamics.tlog\link-rc.write.1.tlog
d:\github\fluid_dynamics\fluiddynamics\debug\fluiddynamics.tlog\link.6892-cvtres.read.1.tlog
d:\github\fluid_dynamics\fluiddynamics\debug\fluiddynamics.tlog\link.6892-cvtres.write.1.tlog
d:\github\fluid_dynamics\fluiddynamics\debug\fluiddynamics.tlog\link.6892-rc.read.1.tlog
d:\github\fluid_dynamics\fluiddynamics\debug\fluiddynamics.tlog\link.6892-rc.write.1.tlog
d:\github\fluid_dynamics\fluiddynamics\debug\fluiddynamics.tlog\link.6892.read.1.tlog
d:\github\fluid_dynamics\fluiddynamics\debug\fluiddynamics.tlog\link.6892.write.1.tlog
d:\github\fluid_dynamics\fluiddynamics\debug\fluiddynamics.tlog\link.command.1.tlog
d:\github\fluid_dynamics\fluiddynamics\debug\fluiddynamics.tlog\link.read.1.tlog
d:\github\fluid_dynamics\fluiddynamics\debug\fluiddynamics.tlog\link.write.1.tlog
