Build started 06/05/2015 00:04:32.
     1>Project "C:\Users\siyu\Documents\GitHub\FluidDynamics\FluidDynamics\FluidDynamics.vcxproj" on node 2 (Build target(s)).
     1>ClCompile:
         C:\Program Files (x86)\Microsoft Visual Studio 12.0\VC\bin\CL.exe /c /I"C:\Program Files\NVIDIA GPU Computing Toolkit\CUDA\v6.5\include" /ZI /nologo /W3 /WX- /Od /Oy- /D WIN32 /D _DEBUG /D _CONSOLE /D _MBCS /Gm /EHsc /RTC1 /MDd /GS /fp:precise /Zc:wchar_t /Zc:forScope /Fo"Debug\\" /Fd"Debug\vc120.pdb" /Gd /TP /analyze- /errorReport:prompt Triangle.cpp
         Triangle.cpp
       Link:
         C:\Program Files (x86)\Microsoft Visual Studio 12.0\VC\bin\link.exe /ERRORREPORT:PROMPT /OUT:"C:\Users\siyu\Documents\GitHub\FluidDynamics\Debug\FluidDynamics.exe" /INCREMENTAL /NOLOGO /LIBPATH:Dependencies\freeglut /LIBPATH:Dependencies\glew /LIBPATH:"C:\Program Files\NVIDIA GPU Computing Toolkit\CUDA\v6.5\lib\Win32" /LIBPATH:"C:\Program Files\NVIDIA GPU Computing Toolkit\CUDA\v6.5\lib\Win32" opengl32.lib freeglut.lib glew32.lib cudart.lib kernel32.lib user32.lib gdi32.lib winspool.lib comdlg32.lib advapi32.lib shell32.lib ole32.lib oleaut32.lib uuid.lib odbc32.lib odbccp32.lib kernel32.lib user32.lib gdi32.lib winspool.lib comdlg32.lib advapi32.lib shell32.lib ole32.lib oleaut32.lib uuid.lib odbc32.lib odbccp32.lib /MANIFEST /MANIFESTUAC:"level='asInvoker' uiAccess='false'" /manifest:embed /DEBUG /PDB:"C:\Users\siyu\Documents\GitHub\FluidDynamics\Debug\FluidDynamics.pdb" /SUBSYSTEM:CONSOLE /TLBID:1 /DYNAMICBASE /NXCOMPAT /IMPLIB:"C:\Users\siyu\Documents\GitHub\FluidDynamics\Debug\FluidDynamics.lib" /MACHINE:X86 Debug\kernel.cu.obj
         Debug\Camera.obj
         Debug\Init_GLEW.obj
         Debug\Init_GLUT.obj
         Debug\main.obj
         Debug\Matrix4.obj
         Debug\Model.obj
         Debug\Models_Manager.obj
         Debug\Quaternion.obj
         Debug\Scene_Manager.obj
         Debug\Shader_Manager.obj
         Debug\Triangle.obj
         FluidDynamics.vcxproj -> C:\Users\siyu\Documents\GitHub\FluidDynamics\Debug\FluidDynamics.exe
       PostBuildEvent:
         echo copy "C:\Program Files\NVIDIA GPU Computing Toolkit\CUDA\v6.5\bin\cudart*.dll" "C:\Users\siyu\Documents\GitHub\FluidDynamics\Debug\"
         copy "C:\Program Files\NVIDIA GPU Computing Toolkit\CUDA\v6.5\bin\cudart*.dll" "C:\Users\siyu\Documents\GitHub\FluidDynamics\Debug\"
         :VCEnd
         copy "C:\Program Files\NVIDIA GPU Computing Toolkit\CUDA\v6.5\bin\cudart*.dll" "C:\Users\siyu\Documents\GitHub\FluidDynamics\Debug\"
         C:\Program Files\NVIDIA GPU Computing Toolkit\CUDA\v6.5\bin\cudart32_65.dll
         C:\Program Files\NVIDIA GPU Computing Toolkit\CUDA\v6.5\bin\cudart64_65.dll
                 2 file(s) copied.
     1>Done Building Project "C:\Users\siyu\Documents\GitHub\FluidDynamics\FluidDynamics\FluidDynamics.vcxproj" (Build target(s)).

Build succeeded.

Time Elapsed 00:00:01.14
